mode: atomic
repo-stat/api/internal/adapter/processor/processor.go:21.67,26.16 2 0
repo-stat/api/internal/adapter/processor/processor.go:26.16,28.3 1 0
repo-stat/api/internal/adapter/processor/processor.go:30.2,34.8 1 0
repo-stat/api/internal/adapter/processor/processor.go:37.109,44.16 3 0
repo-stat/api/internal/adapter/processor/processor.go:44.16,47.3 2 0
repo-stat/api/internal/adapter/processor/processor.go:49.2,55.8 1 0
repo-stat/api/internal/adapter/processor/processor.go:58.65,60.16 2 0
repo-stat/api/internal/adapter/processor/processor.go:60.16,63.3 2 0
repo-stat/api/internal/adapter/processor/processor.go:65.2,65.31 1 0
repo-stat/api/internal/adapter/processor/processor.go:68.32,70.2 1 0
repo-stat/api/internal/adapter/processor/processor.go:72.32,74.2 1 0
repo-stat/api/internal/adapter/subscriber/subscriber.go:20.67,25.16 2 0
repo-stat/api/internal/adapter/subscriber/subscriber.go:25.16,27.3 1 0
repo-stat/api/internal/adapter/subscriber/subscriber.go:29.2,33.8 1 0
repo-stat/api/internal/adapter/subscriber/subscriber.go:36.62,38.16 2 0
repo-stat/api/internal/adapter/subscriber/subscriber.go:38.16,41.3 2 0
repo-stat/api/internal/adapter/subscriber/subscriber.go:43.2,43.28 1 0
repo-stat/api/internal/adapter/subscriber/subscriber.go:46.32,48.2 1 0
repo-stat/api/internal/adapter/subscriber/subscriber.go:50.32,52.2 1 0
repo-stat/api/config/config.go:26.35,30.2 3 0
repo-stat/collector/internal/adapter/github/client.go:23.118,26.27 3 0
repo-stat/collector/internal/adapter/github/client.go:26.27,28.3 1 0
repo-stat/collector/internal/adapter/github/client.go:30.2,33.28 3 0
repo-stat/collector/internal/adapter/github/client.go:33.28,35.3 1 0
repo-stat/collector/internal/adapter/github/client.go:36.2,38.42 2 0
repo-stat/collector/internal/adapter/github/client.go:38.42,40.3 1 0
repo-stat/collector/internal/adapter/github/client.go:42.2,43.69 2 0
repo-stat/collector/internal/adapter/github/client.go:43.69,45.3 1 0
repo-stat/collector/internal/adapter/github/client.go:47.2,47.29 1 0
repo-stat/collector/internal/adapter/github/client.go:50.67,58.2 1 0
repo-stat/collector/cmd/main.go:21.13,24.33 3 0
repo-stat/collector/cmd/main.go:24.33,26.17 2 0
repo-stat/collector/cmd/main.go:26.17,28.4 1 0
repo-stat/collector/cmd/main.go:29.3,30.13 2 0
repo-stat/collector/cmd/main.go:32.2,32.10 1 0
repo-stat/collector/cmd/main.go:35.37,55.16 13 0
repo-stat/collector/cmd/main.go:55.16,57.3 1 0
repo-stat/collector/cmd/main.go:60.2,63.12 3 0
repo-stat/collector/cmd/main.go:63.12,65.3 1 0
repo-stat/collector/cmd/main.go:66.2,68.12 3 0
repo-stat/api/internal/usecase/get_repository.go:17.79,19.2 1 0
repo-stat/api/internal/usecase/get_repository.go:21.130,23.2 1 0
repo-stat/api/internal/usecase/ping.go:17.38,21.2 1 0
repo-stat/api/internal/usecase/ping.go:23.65,30.38 3 0
repo-stat/api/internal/usecase/ping.go:30.38,39.42 4 0
repo-stat/api/internal/usecase/ping.go:39.42,41.4 1 0
repo-stat/api/internal/usecase/ping.go:44.2,44.21 1 0
repo-stat/api/internal/controller/http/handler.go:13.97,15.16 2 0
repo-stat/api/internal/controller/http/handler.go:15.16,18.3 2 0
repo-stat/api/internal/controller/http/handler.go:20.2,21.16 2 0
repo-stat/api/internal/controller/http/handler.go:21.16,24.3 2 0
repo-stat/api/internal/controller/http/handler.go:26.2,33.21 6 0
repo-stat/api/internal/controller/http/ping.go:12.76,13.54 1 0
repo-stat/api/internal/controller/http/ping.go:13.54,23.45 4 0
repo-stat/api/internal/controller/http/ping.go:23.45,25.4 1 0
repo-stat/api/internal/controller/http/ping.go:25.9,27.4 1 0
repo-stat/api/internal/controller/http/ping.go:29.3,29.61 1 0
repo-stat/api/internal/controller/http/ping.go:29.61,31.4 1 0
repo-stat/api/internal/controller/http/repository.go:14.121,15.54 1 0
repo-stat/api/internal/controller/http/repository.go:15.54,19.23 3 0
repo-stat/api/internal/controller/http/repository.go:19.23,23.4 3 0
repo-stat/api/internal/controller/http/repository.go:25.3,28.17 3 0
repo-stat/api/internal/controller/http/repository.go:28.17,32.4 3 0
repo-stat/api/internal/controller/http/repository.go:34.3,44.61 3 0
repo-stat/api/internal/controller/http/repository.go:44.61,46.4 1 0
repo-stat/api/internal/controller/http/routes.go:14.3,17.2 2 0
repo-stat/api/cmd/app/main.go:15.37,31.16 9 0
repo-stat/api/cmd/app/main.go:31.16,34.3 2 0
repo-stat/api/cmd/app/main.go:37.2,38.37 2 0
repo-stat/api/cmd/app/main.go:38.37,40.3 1 0
repo-stat/api/cmd/app/main.go:41.2,41.12 1 0
repo-stat/api/cmd/app/main.go:44.13,47.33 3 0
repo-stat/api/cmd/app/main.go:47.33,49.17 2 0
repo-stat/api/cmd/app/main.go:49.17,51.4 1 0
repo-stat/api/cmd/app/main.go:52.3,53.13 2 0
repo-stat/api/cmd/app/main.go:55.2,55.10 1 0
repo-stat/platform/httpserver/httpserver.go:19.52,29.2 1 0
repo-stat/platform/httpserver/httpserver.go:31.49,32.12 1 0
repo-stat/platform/httpserver/httpserver.go:32.12,39.3 4 0
repo-stat/platform/httpserver/httpserver.go:41.2,42.42 2 0
repo-stat/platform/httpserver/httpserver.go:42.42,44.3 1 0
repo-stat/platform/httpserver/httpserver.go:45.2,45.12 1 0
repo-stat/collector/internal/usecase/github_fetcher.go:16.71,18.2 1 0
repo-stat/collector/internal/usecase/github_fetcher.go:20.116,22.2 1 0
repo-stat/collector/internal/controller/grpc/handler.go:14.58,16.2 1 0
repo-stat/collector/internal/controller/grpc/handler.go:21.51,23.16 2 0
repo-stat/collector/internal/controller/grpc/handler.go:23.16,25.3 1 0
repo-stat/collector/internal/controller/grpc/handler.go:27.2,33.8 1 0
repo-stat/platform/logger/logger.go:12.51,14.18 2 0
repo-stat/platform/logger/logger.go:15.15,16.26 1 0
repo-stat/platform/logger/logger.go:17.14,18.25 1 0
repo-stat/platform/logger/logger.go:19.15,20.26 1 0
repo-stat/platform/logger/logger.go:21.10,22.42 1 0
repo-stat/platform/logger/logger.go:24.2,25.26 2 0
repo-stat/platform/env/loader.go:9.45,10.55 1 0
repo-stat/platform/env/loader.go:10.55,12.3 1 0
repo-stat/platform/env/loader.go:14.2,14.46 1 0
repo-stat/platform/env/loader.go:14.46,16.3 1 0
repo-stat/platform/grpcserver/grpcserver.go:21.70,23.16 2 0
repo-stat/platform/grpcserver/grpcserver.go:23.16,25.3 1 0
repo-stat/platform/grpcserver/grpcserver.go:27.2,30.8 1 0
repo-stat/platform/grpcserver/grpcserver.go:33.49,34.12 1 0
repo-stat/platform/grpcserver/grpcserver.go:34.12,37.3 2 0
repo-stat/platform/grpcserver/grpcserver.go:38.2,38.27 1 0
repo-stat/platform/grpcserver/grpcserver.go:41.38,43.2 1 0
repo-stat/processor/cmd/main.go:21.37,37.16 9 0
repo-stat/processor/cmd/main.go:37.16,40.3 2 0
repo-stat/processor/cmd/main.go:42.2,43.16 2 0
repo-stat/processor/cmd/main.go:43.16,46.3 2 0
repo-stat/processor/cmd/main.go:47.2,56.12 6 0
repo-stat/processor/cmd/main.go:56.12,58.3 1 0
repo-stat/processor/cmd/main.go:59.2,61.12 3 0
repo-stat/processor/cmd/main.go:64.13,67.33 3 0
repo-stat/processor/cmd/main.go:67.33,69.17 2 0
repo-stat/processor/cmd/main.go:69.17,71.4 1 0
repo-stat/processor/cmd/main.go:72.3,73.13 2 0
repo-stat/processor/cmd/main.go:75.2,75.10 1 0
repo-stat/processor/internal/adapter/collector/collector.go:20.67,25.16 2 0
repo-stat/processor/internal/adapter/collector/collector.go:25.16,27.3 1 0
repo-stat/processor/internal/adapter/collector/collector.go:29.2,33.8 1 0
repo-stat/processor/internal/adapter/collector/collector.go:36.106,43.16 3 0
repo-stat/processor/internal/adapter/collector/collector.go:43.16,46.3 2 0
repo-stat/processor/internal/adapter/collector/collector.go:48.2,54.8 1 0
repo-stat/processor/internal/adapter/collector/collector.go:57.32,59.2 1 0
repo-stat/subscriber/config/config.go:24.35,28.2 3 0
repo-stat/processor/internal/usecase/collector_fetcher.go:17.78,19.2 1 0
repo-stat/processor/internal/usecase/collector_fetcher.go:21.109,22.31 1 0
repo-stat/processor/internal/usecase/collector_fetcher.go:22.31,24.3 1 0
repo-stat/processor/internal/usecase/collector_fetcher.go:25.2,25.43 1 0
repo-stat/processor/internal/controller/grpc/handler.go:14.60,18.2 1 0
repo-stat/processor/internal/controller/grpc/handler.go:23.51,29.16 4 0
repo-stat/processor/internal/controller/grpc/handler.go:29.16,31.3 1 0
repo-stat/processor/internal/controller/grpc/handler.go:33.2,39.8 1 0
repo-stat/subscriber/cmd/app/main.go:17.37,32.16 11 0
repo-stat/subscriber/cmd/app/main.go:32.16,34.3 1 0
repo-stat/subscriber/cmd/app/main.go:36.2,38.37 2 0
repo-stat/subscriber/cmd/app/main.go:38.37,40.3 1 0
repo-stat/subscriber/cmd/app/main.go:42.2,42.12 1 0
repo-stat/subscriber/cmd/app/main.go:45.13,48.33 3 0
repo-stat/subscriber/cmd/app/main.go:48.33,50.17 2 0
repo-stat/subscriber/cmd/app/main.go:50.17,52.4 1 0
repo-stat/subscriber/cmd/app/main.go:53.3,54.13 2 0
repo-stat/subscriber/internal/controller/grpc/ping.go:16.62,21.2 1 0
repo-stat/subscriber/internal/controller/grpc/ping.go:23.109,29.2 2 0
repo-stat/subscriber/internal/usecase/ping.go:7.22,9.2 1 0
repo-stat/subscriber/internal/usecase/ping.go:11.48,13.2 1 0
